Storing mark share instance as markshare_m_7_n_60_seed_2.prb
Running markshare: m=7, n=60, seed=2, iter=0, nthread=24
[
 [ 26 11  1 55 32 56 26 29 25 19 19  9 12 41 37  7 17 29 16 37 37 49 31 40  8 29 30 35 11 43 47 15 51 32 29 24 50 10  4 58 30 17  3 17 25  6  5 10  7 29 35 33 13 13  6 46 13 34 20 10 |  754 ]
 [ 28 22 12 28 38 39 28 47 30 39 23 36 47 59 34  7  9  8 42 51 57 30 30 13 53 59 20 18 34 15 25 48 26 21 46 28 32 16 57 47 32 48  4 56 21 49 51 30 24 13  1 44 14 25  4 53 59 56 58 30 |  987 ]
 [ 48 42 36 42 45 28 10 57 17 25 31 19 21 45  2 55 58 42 26 31 30 53 19 33 15 34 23 23 49 55 44  0 22 43  0 21 47 12 16 21 34 52  1 21 39 30 23 46 29 54 24 49 21 24 33 37 58 20  6 22 |  931 ]
 [ 18 57  2 38 44 57 39 48 12 13 25 52 38 35 39 47 10 31 52 58 46 34  8 28 52 25 44 35 47  6 32 22 13 12 55 48 35 47 20 33 15 53 54 55 25 58 32 55 36  2 49 43 37 53 10 50 35 32 29 19 | 1049 ]
 [ 32 23 41 16 14 56 11 27  6 51 16 12  0  0 37  5 17 10 11 30  5 52 17 47 12 31 17 16 28  1 32 52 50 16 59  8  2 30 13 20 38  9  9 13 52 50 13 43 44  3 39 37 47 17  1 48 13 32 42  1 |  737 ]
 [  5  0  1 56 21 23 35 54  3 49  3  5  2 21 23  1 40 27 11  1 52 16 25  0 37 26 17 35 36 59 57 26 26 21 12 52 25 29 26 44 30 45 31 19  2 44  9 11 27  7 42  0 46 22 46  0 30 50 57 14 |  767 ]
 [ 19 40 28 40 44 53 51  9 24 56 50 17 26 44 42 28  0  9  1 49 56 32  6 21 39 50 16  1 12  4 23 37 55 38 34 46 55 26 42 51 30 22 30 57 13 46  0 25 25 20 33 32 52 25 40 46 50 40 55 41 |  978 ]
]
Running reduced dim shroeppel shamir
Running with 24 threads
Max reducible dimension is 4 (encoded with basis 12001)
Reducing 1 dimensions for Shroeppel-Shamir - leaving 6 for verification
Splitting sets into [0, 14]; [15, 29]; [30, 44]; [45, 60]
Generating 32768 possible subsets for as set of size 15.
Generating 32768 possible subsets for as set of size 15.
Generating 32768 possible subsets for as set of size 15.
Generating 32768 possible subsets for as set of size 15.
Running the search loop

    1     0.27s [0.006295 GB]:     62 +    692; 220 x 1 possible solutions
    2     0.27s [0.006297 GB]:     65 +    689; 317 x 1 possible solutions
    3     0.28s [0.006303 GB]:     66 +    688; 336 x 1 possible solutions
    4     0.28s [0.006304 GB]:     67 +    687; 358 x 1 possible solutions
    5     0.28s [0.006305 GB]:     68 +    686; 376 x 2 possible solutions
    6     0.28s [0.006305 GB]:     69 +    685; 375 x 2 possible solutions
    7     0.28s [0.006305 GB]:     70 +    684; 382 x 1 possible solutions
    8     0.28s [0.006305 GB]:     71 +    683; 428 x 3 possible solutions
    9     0.28s [0.006307 GB]:     72 +    682; 494 x 6 possible solutions
   10     0.28s [0.006309 GB]:     73 +    681; 548 x 3 possible solutions
   20     0.28s [0.006320 GB]:     83 +    671; 1077 x 19 possible solutions
   30     0.28s [0.006333 GB]:     93 +    661; 2034 x 75 possible solutions
   40     0.29s [0.006362 GB]:    103 +    651; 3598 x 244 possible solutions
   50     0.29s [0.006406 GB]:    113 +    641; 6204 x 651 possible solutions
   60     0.30s [0.006466 GB]:    123 +    631; 10443 x 1506 possible solutions
   70     0.31s [0.006559 GB]:    133 +    621; 16807 x 3195 possible solutions
   80     0.31s [0.006708 GB]:    143 +    611; 26529 x 6317 possible solutions
   90     0.32s [0.006904 GB]:    153 +    601; 41035 x 11757 possible solutions
  100     0.33s [0.007233 GB]:    163 +    591; 61482 x 20815 possible solutions
  200     0.50s [0.026056 GB]:    263 +    491; 1175993 x 958109 possible solutions
Found market share solution from SS-Algorithm!
Subset for index 6825 (binary 0000000000000000000000000000000000000000000000000001101010101001): 26, 55, 56, 29, 19, 9, 12
Subset for index 8769 (binary 0000000000000000000000000000000000000000000000000010001001000001): 7, 49, 8, 11
Subset for index 16091 (binary 0000000000000000000000000000000000000000000000000011111011011011): 47, 15, 32, 29, 50, 10, 58, 30, 17, 3, 17
Subset for index 22104 (binary 0000000000000000000000000000000000000000000000000101011001011000): 7, 29, 33, 6, 46, 34, 10
The sum is 206 + 75 + 308 + 165 = 754
Writing solution to markshare_m_7_n_60_seed_2.sol
Found feasible solution!
Eval GPU: check results     	 total time     0.03s
Eval GPU: binary search     	 total time     0.08s
Eval GPU: sort required     	 total time     0.13s
Candidate extraction        	 total time     0.20s
List traversal              	 total time     0.31s
Solution time               	 total time     0.58s
Evaluate solutions GPU      	 total time     0.28s
Setup time                  	 total time     0.27s
