Storing mark share instance as markshare_m_8_n_70_seed_2.prb
Running markshare: m=8, n=70, seed=2, iter=0, nthread=24
[
 [ 30 12  1 65 38 66 30 33 29 22 23 10 14 48 43  8 20 33 18 44 43 57 37 47  9 34 35 41 12 50 54 18 59 38 34 28 59 12  5 67 35 20  4 20 29  8  6 12  8 34 41 39 15 15  7 53 15 40 24 11 32 25 14 32 44 45 33 55 35 46 | 1061 ]
 [ 27 42 55 69 40  8 11 10 49 59 67 35 35 15 62 69 23 22 39 18 29 56 30 24 54 32 37 19 66 55 38 56  5 66 25 57 59 36 28 15  1 52 17 30  4 62 69 65 67 35 56 49 42 49 53 33 11 67 20 29 36 22 24 53  3 65 68 49 30 36 | 1369 ]
 [ 35 61 22 38 18 40 27 27 58 64 51  0 26 50  0 24 55 14 18 25 40 61  1 25 46 35 27 53 34 64 29 57 24 28 38 44 68 23  7 26 21 67  2 45 51 67 46 56 15 16 29 61 45 41 46 55 11 37 61 67 54 40  9 33 60 29 52 41 55  7 | 1301 ]
 [ 38 25 15 15 64 56 41 55 24 38 18 62 63 65 29 68 37 64 42  2 57 51 43 62 12 58 41 37 34 22 38 27 48 19 17 65 13 32  7 59 19 14  0  0 44  6 20 12 13 36  6 61 19 54 15 37 19 19 32  1 38 60 59 19 69 10  3 35 16 23 | 1161 ]
 [ 45 11 11 15 60 58 15 50 51  3 45 43 55 20  2 56 16 38 49  1  6  1  2 65 24 27 41 63  3 57  4  6  3 25 27  1 46 31 13  2 61 18 30  0 43 30 20 41 43 69 66 30 31 25 14 61 29 33 31 52 35 52 36 22  2 51 11 12 31  9 | 1039 ]
 [ 49  0 54 26 54  0 35 59 66 17 23 47 33 47 52 62 60 10 29 66 59 20 31 51 50 33  0 11  1 57 65 37  7 24 46 58 19  2 14  4 27 43 64 44 39 53 64 30 49 60 35 26 35 67 15 54  0 29 29 24 39 37 61 30 47 54 58 46 64 48 | 1324 ]
 [ 65 24 57 40  9 29 24  4 14  6 60 15 55 60 24 19 39  8 56  5 58 22 14 52 51 28 56 52  3 18  7 60 30 68 15 52 61 66 50 12 49 69 53  2 23 27 16 41 43 10 29 12 65 10 44  0 27  0 59  2 26 29 12 67 54 12 33 52 18 23 | 1147 ]
 [ 48 45 68 44 17 15 55 52 53 31  8 12 58 17 32 50  8 27 37 27 20 51 12 68  5 16 13 14 30 29 44 50  6 59 50 24  7 25 12 23 49 28 61  4 68  9 45 36 33 61  6 11 39 50 12 15 36 58 42  7 58 25 22 41 69 32 69 25 57 67 | 1198 ]
]
Running reduced dim shroeppel shamir
Running with 24 threads
Max reducible dimension is 4 (encoded with basis 14001)
Reducing 1 dimensions for Shroeppel-Shamir - leaving 7 for verification
Splitting sets into [0, 16]; [17, 34]; [35, 51]; [52, 70]
Generating 131072 possible subsets for as set of size 17.
Generating 262144 possible subsets for as set of size 18.
Generating 131072 possible subsets for as set of size 17.
Generating 262144 possible subsets for as set of size 18.
Running the search loop

    1     0.51s [0.044045 GB]:     93 +    968; 1234 x 1 possible solutions
    2     0.52s [0.044077 GB]:     97 +    964; 1588 x 1 possible solutions
    3     0.52s [0.044084 GB]:     98 +    963; 1716 x 1 possible solutions
    4     0.52s [0.044084 GB]:     99 +    962; 1818 x 1 possible solutions
    5     0.52s [0.044089 GB]:    100 +    961; 1902 x 1 possible solutions
    6     0.52s [0.044089 GB]:    101 +    960; 1998 x 2 possible solutions
    7     0.52s [0.044089 GB]:    102 +    959; 2145 x 1 possible solutions
    8     0.52s [0.044096 GB]:    103 +    958; 2316 x 1 possible solutions
    9     0.52s [0.044096 GB]:    104 +    957; 2455 x 3 possible solutions
   10     0.52s [0.044103 GB]:    105 +    956; 2583 x 5 possible solutions
   20     0.53s [0.044134 GB]:    115 +    946; 4574 x 11 possible solutions
   30     0.53s [0.044183 GB]:    125 +    936; 7890 x 54 possible solutions
   40     0.54s [0.044276 GB]:    135 +    926; 13091 x 136 possible solutions
   50     0.54s [0.044391 GB]:    145 +    916; 21513 x 383 possible solutions
   60     0.55s [0.044573 GB]:    155 +    906; 34486 x 862 possible solutions
   70     0.56s [0.044789 GB]:    165 +    896; 53896 x 1937 possible solutions
   80     0.57s [0.045129 GB]:    175 +    886; 83093 x 3962 possible solutions
   90     0.58s [0.045670 GB]:    185 +    876; 125451 x 7853 possible solutions
  100     0.60s [0.046302 GB]:    195 +    866; 185895 x 14753 possible solutions
  200     1.09s [0.097009 GB]:    295 +    766; 4337668 x 1579404 possible solutions
  300     5.71s [0.542843 GB]:    395 +    666; 32019670 x 24140718 possible solutions
Found market share solution from SS-Algorithm!
Subset for index 43064 (binary 0000000000000000000000000000000000000000000000001010100000111000): 65, 38, 66, 10, 48, 8
Subset for index 137665 (binary 0000000000000000000000000000000000000000000000100001100111000001): 33, 47, 9, 34, 12, 50, 34
Subset for index 71911 (binary 0000000000000000000000000000000000000000000000010001100011100111): 28, 59, 12, 35, 20, 4, 6, 12, 39
Subset for index 252011 (binary 0000000000000000000000000000000000000000000000111101100001101011): 15, 15, 53, 40, 24, 32, 44, 33, 55, 35, 46
The sum is 235 + 219 + 215 + 392 = 1061
Writing solution to markshare_m_8_n_70_seed_2.sol
Found feasible solution!
Eval GPU: check results     	 total time     0.55s
Eval GPU: binary search     	 total time    13.16s
Eval GPU: sort required     	 total time     5.75s
Candidate extraction        	 total time     3.76s
List traversal              	 total time    20.41s
Solution time               	 total time    20.92s
Evaluate solutions GPU      	 total time    20.20s
Setup time                  	 total time     0.51s
