Storing mark share instance as markshare_m_8_n_70_seed_4.prb
Running markshare: m=8, n=70, seed=4, iter=0, nthread=24
[
 [ 67 63 38 12 68 59 50 42 48 41 15  9 68 15  0 48 17 63 30 44 54  0 13 40 60 25 68 42 11 27 41 56  0 42 27 18  3 45 66 56 30  1 66  2 55 66 60 31 12 30  5  4 42 12 11 60 51 59 28 64 36 60 65 58 36 18  7  2 11 16 | 1244 ]
 [ 38 14 36 12 44 22 28 16 45 26 27 44 43 15 53  9 12 40 26 24 35 32 48 25 17  5 38 17 43  3 62 65 25 16 44 56 13  8 34  5 12 47 64 66 30 22 58 61 29 48 63 24 28 63 23 26 40 59 59 51 60 48 41 46  5  5 41  3 17  6 | 1155 ]
 [ 51 15 62 56 36  7 42  4  4 66 37 11  9 41 43 66 25 25 53  1  3 36  7 21 47 58 36 65 40  9 59 58 34 55 56 48 35 45 64 65 46 16 10 33 25 64 60 12 24 10 13 67 33 22 27 62 43 38 30 25 18  9 28  7 29  5 63 13 68  0 | 1197 ]
 [ 43 61  5 65 51 35 47 52 57 34 24  0  4 32 42 10  8 21 53 52 55 52 28 64 66 65 12  6 65 13 32 39 53  0 52 16 68  2 68  5  2 46  1 40 38 50  2 63 46  1 37 62 46 35 30 43 19  9 66 33 50 44  0 34  6 65 44 65 20 34 | 1244 ]
 [ 28 28 54 56 24 36 64 34 50 60 38 62 12  9 28 51 53 39 69 62  5 22  9 52 51 19 58  8  6 15 58 54 55 55 48 45 23 21 31 69 25 20 58 46 22 18 22 29 65 61 64 41 67 19 56 52  6 50  6 48 38 31 59 33 61 28 44 66 66  1 | 1381 ]
 [ 10 21 15 69 23 61 17  1 21  7  8  6 26 18  2 13 37 27 66 55 31  6 43 26 42 27 65 21 51 32 57 69 23 52 63  5 12 43 28 13 51 26 23 66 62 16 60 28 11 68 16  3  3 19 60 18 23 32 27 29 18 52  8 17 31 60 16 41 39 49 | 1092 ]
 [ 14  1 35  9 66 38 26 18 66 12  4  7 38  6 41 36 67 14 64 20 35 64 53 12 68 44 51  7 66 30 65 51 33 57 46 27 12  7 30 38 60 55 40 69 19 58  8 37 16 28  8  4 16 13 26 31  3 24 58 12 28 60 39 24 44 11  9 20  5 52 | 1127 ]
 [ 10 66 69 46  7 22 29 35 61  6 40 44  1 37 62 20 26 40 11 28 23 55 41 24  2 21 45  9 42 62 16 28 29 60 13 51  1 41 40 57 31 46 58 10 13 43 30  4 46 62  4 54 24  0 48 65 17 15 25 18 40 61 28 67 61 16 60 34 58 51 | 1204 ]
]
Running reduced dim shroeppel shamir
Running with 24 threads
Max reducible dimension is 4 (encoded with basis 14001)
Reducing 1 dimensions for Shroeppel-Shamir - leaving 7 for verification
Splitting sets into [0, 16]; [17, 34]; [35, 51]; [52, 70]
Generating 131072 possible subsets for as set of size 17.
Generating 262144 possible subsets for as set of size 18.
Generating 131072 possible subsets for as set of size 17.
Generating 262144 possible subsets for as set of size 18.
Running the search loop

    1     0.69s [0.044045 GB]:     58 +   1186; 64 x 1 possible solutions
    2     0.69s [0.044045 GB]:     59 +   1185; 152 x 1 possible solutions
    3     0.70s [0.044046 GB]:     60 +   1184; 112 x 2 possible solutions
    4     0.70s [0.044047 GB]:     61 +   1183; 120 x 3 possible solutions
    5     0.70s [0.044047 GB]:     62 +   1182; 176 x 3 possible solutions
    6     0.70s [0.044047 GB]:     63 +   1181; 240 x 5 possible solutions
    7     0.70s [0.044047 GB]:     64 +   1180; 232 x 5 possible solutions
    8     0.70s [0.044048 GB]:     65 +   1179; 304 x 7 possible solutions
    9     0.70s [0.044048 GB]:     66 +   1178; 344 x 7 possible solutions
   10     0.70s [0.044049 GB]:     67 +   1177; 320 x 8 possible solutions
   20     0.70s [0.044051 GB]:     77 +   1167; 480 x 38 possible solutions
   30     0.70s [0.044057 GB]:     87 +   1157; 760 x 91 possible solutions
   40     0.71s [0.044070 GB]:     97 +   1147; 1592 x 227 possible solutions
   50     0.71s [0.044080 GB]:    107 +   1137; 3040 x 466 possible solutions
   60     0.71s [0.044104 GB]:    117 +   1127; 3888 x 871 possible solutions
   70     0.72s [0.044132 GB]:    127 +   1117; 6032 x 1661 possible solutions
   80     0.73s [0.044188 GB]:    137 +   1107; 11544 x 2965 possible solutions
   90     0.73s [0.044270 GB]:    147 +   1097; 17072 x 5106 possible solutions
  100     0.74s [0.044357 GB]:    157 +   1087; 23688 x 8587 possible solutions
  200     0.89s [0.054987 GB]:    257 +    987; 713960 x 448259 possible solutions
  300     1.88s [0.158715 GB]:    357 +    887; 7324744 x 6031890 possible solutions
Found market share solution from SS-Algorithm!
Subset for index 58416 (binary 0000000000000000000000000000000000000000000000001110010000110000): 68, 59, 15, 15, 0, 48
Subset for index 164744 (binary 0000000000000000000000000000000000000000000000101000001110001000): 54, 60, 25, 68, 0, 27
Subset for index 32601 (binary 0000000000000000000000000000000000000000000000000111111101011001): 18, 66, 56, 1, 2, 55, 66, 60, 31, 12, 30
Subset for index 98181 (binary 0000000000000000000000000000000000000000000000010111111110000101): 42, 11, 64, 36, 60, 65, 58, 36, 18, 7, 11
The sum is 205 + 234 + 397 + 408 = 1244
Writing solution to markshare_m_8_n_70_seed_4.sol
Found feasible solution!
Eval GPU: check results     	 total time     0.28s
Eval GPU: binary search     	 total time     4.25s
Eval GPU: sort required     	 total time     1.89s
Candidate extraction        	 total time     1.76s
List traversal              	 total time     6.81s
Solution time               	 total time     7.50s
Evaluate solutions GPU      	 total time     6.73s
Setup time                  	 total time     0.69s
