Storing mark share instance as markshare_m_3_n_20_seed_4.prb
Running markshare: m=3, n=20, seed=4, iter=0, nthread=24
[
 [ 19 18 10  3 19 17 14 12 13 11  4  2 19  4  0 13  5 18  8 12 | 110 ]
 [ 15  0  3 11 17  7 19 12  3  7 11 16  0 12  7  5  0 12 19 16 |  96 ]
 [  8  0 18  0 15 18 17  8  3  8  1  1 12  3  3 17 14 16  8 18 |  94 ]
]
Running reduced dim shroeppel shamir
Running with 24 threads
Max reducible dimension is 5 (encoded with basis 4001)
Reducing 1 dimensions for Shroeppel-Shamir - leaving 2 for verification
Splitting sets into [0, 4]; [5, 9]; [10, 14]; [15, 20]
Generating 32 possible subsets for as set of size 5.
Generating 32 possible subsets for as set of size 5.
Generating 32 possible subsets for as set of size 5.
Generating 32 possible subsets for as set of size 5.
Running the search loop

    1     0.22s [0.000003 GB]:     25 +     85; 3 x 2 possible solutions
    2     0.22s [0.000003 GB]:     27 +     83; 4 x 2 possible solutions
    3     0.23s [0.000003 GB]:     29 +     81; 5 x 4 possible solutions
    4     0.23s [0.000003 GB]:     30 +     80; 6 x 2 possible solutions
    5     0.23s [0.000003 GB]:     31 +     79; 6 x 4 possible solutions
    6     0.23s [0.000003 GB]:     32 +     78; 7 x 2 possible solutions
    7     0.23s [0.000003 GB]:     33 +     77; 7 x 4 possible solutions
    8     0.23s [0.000003 GB]:     34 +     76; 5 x 4 possible solutions
    9     0.23s [0.000003 GB]:     35 +     75; 6 x 4 possible solutions
   10     0.23s [0.000003 GB]:     36 +     74; 7 x 4 possible solutions
   20     0.23s [0.000003 GB]:     46 +     64; 13 x 12 possible solutions
   30     0.23s [0.000003 GB]:     56 +     54; 14 x 22 possible solutions
Found market share solution from SS-Algorithm!
Subset for index 1 (binary 0000000000000000000000000000000000000000000000000000000000000001): 19
Subset for index 22 (binary 0000000000000000000000000000000000000000000000000000000000010110): 14, 12, 11
Subset for index 12 (binary 0000000000000000000000000000000000000000000000000000000000001100): 19, 4
Subset for index 14 (binary 0000000000000000000000000000000000000000000000000000000000001110): 5, 18, 8
The sum is 19 + 37 + 23 + 31 = 110
Writing solution to markshare_m_3_n_20_seed_4.sol
Found feasible solution!
Eval GPU: check results     	 total time     0.00s
Eval GPU: binary search     	 total time     0.00s
Eval GPU: sort required     	 total time     0.00s
Candidate extraction        	 total time     0.00s
List traversal              	 total time     0.01s
Solution time               	 total time     0.23s
Evaluate solutions GPU      	 total time     0.01s
Setup time                  	 total time     0.22s
