Storing mark share instance as markshare_m_6_n_50_seed_4.prb
Running markshare: m=6, n=50, seed=4, iter=0, nthread=24
[
 [ 48 45 27  8 48 42 35 30 34 29 10  7 48 11  0 34 12 45 21 31 38  0  9 28 43 18 49 30  8 19 29 40  0 30 19 13  2 32 47 40 21  0 47  1 39 47 43 22  8 22 | 654 ]
 [  3  3 30  8  8 43 36 42 20 46 26 43 46 41 26 13  5  1  7 11 27 10 26  9 31 15 20 12 32 18 19 31 31 11 38  6  8 28 18 17 25 23 34 17 12  4 27 12 31  2 | 526 ]
 [ 44 46 18 11 31 40  9  6 24  3  9 34 45 47 21 15 41 43 20 34 45 17 20 45 16 18 28 42 42 36 43 34 29 33  4  3 29  2 12  4 36 10 44 40 25  5 30  3  3 47 | 643 ]
 [ 27  8  6 29 30 47 18 18 38  1  2 26  5 15 34 41 25 46 28  6 42 41 24 39 40 34 25 32 46 46 33 11  7 24 18 46 43  8 17  7  9 48 23 16 19 44 30 27 21 18 | 644 ]
 [ 13  6 20  5 20  3 45  9 48  0 31 43  4 46 36 25 33 37 41 24 17  0  2 23 30  7  6 15 37 37 39 37 20 45 47 46  8  4 47  9 23 28 38  0 37 11 49  1 48  4 | 602 ]
 [  2 33  0 29 27 36  1 45 32  0 26 44 33 25 22 30 13  6 47 23 36 31  0 24  4 46 31 46 14 24 20 20 39 40 17 25 46 24 36 43 27 44  9  6 20 36 38 28 49 44 | 670 ]
]
Running reduced dim shroeppel shamir
Running with 24 threads
Max reducible dimension is 4 (encoded with basis 10001)
Reducing 1 dimensions for Shroeppel-Shamir - leaving 5 for verification
Splitting sets into [0, 11]; [12, 24]; [25, 36]; [37, 50]
Generating 4096 possible subsets for as set of size 12.
Generating 8192 possible subsets for as set of size 13.
Generating 4096 possible subsets for as set of size 12.
Generating 8192 possible subsets for as set of size 13.
Running the search loop

    1     0.19s [0.000985 GB]:     28 +    626; 20 x 4 possible solutions
    2     0.19s [0.000985 GB]:     29 +    625; 20 x 4 possible solutions
    3     0.19s [0.000986 GB]:     30 +    624; 20 x 4 possible solutions
    4     0.19s [0.000986 GB]:     31 +    623; 16 x 4 possible solutions
    5     0.19s [0.000986 GB]:     36 +    618; 24 x 8 possible solutions
    6     0.19s [0.000986 GB]:     37 +    617; 28 x 8 possible solutions
    7     0.19s [0.000986 GB]:     38 +    616; 44 x 8 possible solutions
    8     0.19s [0.000986 GB]:     39 +    615; 36 x 8 possible solutions
    9     0.19s [0.000986 GB]:     41 +    613; 32 x 4 possible solutions
   10     0.19s [0.000986 GB]:     42 +    612; 40 x 4 possible solutions
   20     0.20s [0.000987 GB]:     52 +    602; 76 x 20 possible solutions
   30     0.20s [0.000988 GB]:     62 +    592; 140 x 24 possible solutions
   40     0.20s [0.000990 GB]:     72 +    582; 276 x 68 possible solutions
   50     0.21s [0.000994 GB]:     82 +    572; 480 x 180 possible solutions
   60     0.21s [0.001000 GB]:     92 +    562; 804 x 336 possible solutions
   70     0.21s [0.001010 GB]:    102 +    552; 1320 x 540 possible solutions
   80     0.22s [0.001023 GB]:    112 +    542; 2064 x 1024 possible solutions
   90     0.22s [0.001043 GB]:    122 +    532; 3148 x 1752 possible solutions
  100     0.23s [0.001073 GB]:    132 +    522; 4660 x 2704 possible solutions
  200     0.29s [0.002195 GB]:    232 +    422; 66420 x 60980 possible solutions
Found market share solution from SS-Algorithm!
Subset for index 1112 (binary 0000000000000000000000000000000000000000000000000000010001011000): 8, 48, 35, 10
Subset for index 1841 (binary 0000000000000000000000000000000000000000000000000000011100110001): 48, 12, 45, 38, 0, 9
Subset for index 3283 (binary 0000000000000000000000000000000000000000000000000000110011010011): 18, 49, 19, 40, 0, 13, 2
Subset for index 3819 (binary 0000000000000000000000000000000000000000000000000000111011101011): 32, 47, 21, 47, 1, 39, 43, 22, 8
The sum is 101 + 152 + 141 + 260 = 654
Writing solution to markshare_m_6_n_50_seed_4.sol
Found feasible solution!
Eval GPU: check results     	 total time     0.03s
Eval GPU: binary search     	 total time     0.01s
Eval GPU: sort required     	 total time     0.05s
Candidate extraction        	 total time     0.04s
List traversal              	 total time     0.12s
Solution time               	 total time     0.31s
Evaluate solutions GPU      	 total time     0.10s
Setup time                  	 total time     0.19s
