Storing mark share instance as markshare_m_7_n_60_seed_5.prb
Running markshare: m=7, n=60, seed=5, iter=0, nthread=24
[
 [ 13  3 52 49 12 21 55 58 29  5 36 23 45 21 31 29 17 59 11 48  4 38 44 49 26 14  9 45 52  6 16 12 24  7 17 52 37 31 34 29 35 43 15  0 17  5 15 49 19 50  8 53  9 57 57 33 57  5 11 59 |  880 ]
 [  1 28 12 41 41 50 46 36  1 33 34 22  0 41 30 48 38 55 59  0 15 43 48 40 52 11 55 41  0 34 28 34 58  3 23 10 48 20 32 36 46 11 29  7  1 56  5 18  6 28 15  3 57 16 37 13 48 56 33 22 |  877 ]
 [ 38 23 48 18 55 11 54 44 49 55  5 41 21 25  2 33 32 12 47  9  3 50 11 50 21 38 14  8 47 10 21 19 38 57 29 13 35 53 56 55 56  5  6 48 50 59 20 21  6 29 23 44 30 22 57  2 22  9  0 19 |  889 ]
 [ 51  7  6 21 28 41 50 47 30 26 26 58 48 30  1 29 34  3 24 14 59 45 48 37  3 44 11 59 27 35 42 30 19 13 21 34 55 46 57 49 24 14 53 51 19  8  4 45 31 56 39 42 53  7 57  7 46 36 45 59 | 1002 ]
 [ 42 54 42 15 46 35 58 20 22 26  4 38 14 20 13 50 21 37 48 12  3 22 26 31 48 40 15 16  3 45 14 42  5  5 48  6 10 20 11 49 48 55 48 45 35 52 54 51  3 10 57 35 34 21 18 44 49  1 39 10 |  892 ]
 [ 59  8  6 58 34 55 28 42 39 56 14 44  1 23 32 53 21 34 53 49 27  5 25  7 37 43 31 12 57 21 47 56 29 44 12 25 36  9 44 31 45  6 59 42 13 47 25 51 25 42 19 54 21 45 28 45 32  4 15  5 |  965 ]
 [  8 16 18  9  8  6 19 28 40 19 36 41 59 25 33 50 32 28 38 51 43  3 36  8 35 38 36 23 21 27 46  6 36 10 18 34 14 33  4 28 20 50  0 17  9 37  3 24 16 28 20 52 35 22 46 29 37  8  9  4 |  764 ]
]
Running reduced dim shroeppel shamir
Running with 24 threads
Max reducible dimension is 4 (encoded with basis 12001)
Reducing 1 dimensions for Shroeppel-Shamir - leaving 6 for verification
Splitting sets into [0, 14]; [15, 29]; [30, 44]; [45, 60]
Generating 32768 possible subsets for as set of size 15.
Generating 32768 possible subsets for as set of size 15.
Generating 32768 possible subsets for as set of size 15.
Generating 32768 possible subsets for as set of size 15.
Running the search loop

    1     0.38s [0.006295 GB]:     24 +    856; 11 x 2 possible solutions
    2     0.38s [0.006295 GB]:     29 +    851; 21 x 4 possible solutions
    3     0.39s [0.006295 GB]:     31 +    849; 21 x 2 possible solutions
    4     0.39s [0.006296 GB]:     32 +    848; 28 x 2 possible solutions
    5     0.39s [0.006296 GB]:     33 +    847; 26 x 2 possible solutions
    6     0.39s [0.006296 GB]:     34 +    846; 31 x 2 possible solutions
    7     0.39s [0.006296 GB]:     35 +    845; 37 x 2 possible solutions
    8     0.39s [0.006296 GB]:     36 +    844; 35 x 6 possible solutions
    9     0.39s [0.006296 GB]:     37 +    843; 37 x 4 possible solutions
   10     0.39s [0.006296 GB]:     38 +    842; 48 x 4 possible solutions
   20     0.39s [0.006297 GB]:     48 +    832; 93 x 26 possible solutions
   30     0.40s [0.006300 GB]:     58 +    822; 207 x 54 possible solutions
   40     0.40s [0.006305 GB]:     68 +    812; 399 x 142 possible solutions
   50     0.40s [0.006313 GB]:     78 +    802; 753 x 266 possible solutions
   60     0.41s [0.006326 GB]:     88 +    792; 1337 x 596 possible solutions
   70     0.41s [0.006345 GB]:     98 +    782; 2293 x 1150 possible solutions
   80     0.41s [0.006379 GB]:    108 +    772; 3862 x 2096 possible solutions
   90     0.42s [0.006422 GB]:    118 +    762; 6218 x 3582 possible solutions
  100     0.43s [0.006487 GB]:    128 +    752; 9809 x 5938 possible solutions
  200     0.54s [0.011641 GB]:    228 +    652; 294615 x 254834 possible solutions
Found market share solution from SS-Algorithm!
Subset for index 12948 (binary 0000000000000000000000000000000000000000000000000011001010010100): 52, 12, 58, 5, 45, 21
Subset for index 6696 (binary 0000000000000000000000000000000000000000000000000001101000101000): 11, 4, 26, 9, 45
Subset for index 7642 (binary 0000000000000000000000000000000000000000000000000001110111011010): 12, 7, 17, 37, 31, 34, 35, 43, 15
Subset for index 12250 (binary 0000000000000000000000000000000000000000000000000010111111011010): 15, 19, 50, 53, 9, 57, 57, 33, 57, 11
The sum is 193 + 95 + 231 + 361 = 880
Writing solution to markshare_m_7_n_60_seed_5.sol
Found feasible solution!
Eval GPU: check results     	 total time     0.04s
Eval GPU: binary search     	 total time     0.05s
Eval GPU: sort required     	 total time     0.12s
Candidate extraction        	 total time     0.28s
List traversal              	 total time     0.34s
Solution time               	 total time     0.72s
Evaluate solutions GPU      	 total time     0.25s
Setup time                  	 total time     0.38s
