Storing mark share instance as markshare_m_7_n_60_seed_3.prb
Running markshare: m=7, n=60, seed=3, iter=0, nthread=24
[
 [ 38  4 49 58 20  8 35 39 62 30 62  1  8  2 14 17  3  6 30 48  2 10 31 31 45 15 19 24 47 34 41 63  1 53 39 68 18 28 29 38 19 21 48 41 30 19 10 31 38 53 54 57 21 18 15 62 27 50 65  1 |  925 ]
 [ 68  9 47 22 63 56 59 27 26 29  6 28 45 55 39 49 25  1 15 22 28 39 32 52 18 42 20 14 32 45 60 46 41 60 19 56 19 26 31  5 14 53 14  4 35 58  6 48 33 31 25 25 49 36 52 32 48 56 48 22 | 1032 ]
 [ 26 59 46 34 23 37 40 57 22 36 31  9  4 21 16 56 68 22 16  1 48 33 45  1 50 35 33 64 41 14  4 64  5 19 13 12 10 69  7 48  9 52 38  8 13  6 66 46 47 23 37 25 49 36 18 29 64 57 58 39 |  979 ]
 [ 50 61 33 56 58 24 52 54 46 62 63 55 44 19 25 61 38 38 13 57 13 16 50 14 54 67 68 53 59 13 38 32  6 35 34 12 64 20 55 18 33 62 31 35 15 40 12 23  5 42 62  8 44  2 10 69 28 18  3 18 | 1095 ]
 [ 14 19 51 17 45 62 33 58 19 10 45 69 66 24 30 38  4 34  4  9  5 60 67 15 37 57 58 69 11 69 18 11 48 32 62 49 23 23  4 48 60 52 20 57 51 59 11  5 48 21 58 39 50 64 25  6 50 28  9 37 | 1083 ]
 [ 21 45 29 21 61 58 10 34 61 49 55 47 68 43 25 69 14 11 16 57 57 21 67  7 48 20 33 49 20 16 58 48 61  1  6 64 15 25 58 56 59 50 22 42 19 16 30 31 37 45  6 54 58 55 37 26 54 28 16  7 | 1108 ]
 [ 67 30 52 59 24 67 66 50 49 28 58  9  3  1  3 15 51 24 21 54 36 31 10 33 68 36 35 25 58 18  5 56 33 63  4 25 61 61 31 21  4 19  5 14 37 29  5  8 12 69 30 30 34 43 40 68 43 20 26 31 | 1004 ]
]
Running reduced dim shroeppel shamir
Running with 24 threads
Max reducible dimension is 4 (encoded with basis 12001)
Reducing 1 dimensions for Shroeppel-Shamir - leaving 6 for verification
Splitting sets into [0, 14]; [15, 29]; [30, 44]; [45, 60]
Generating 32768 possible subsets for as set of size 15.
Generating 32768 possible subsets for as set of size 15.
Generating 32768 possible subsets for as set of size 15.
Generating 32768 possible subsets for as set of size 15.
Running the search loop

    1     0.46s [0.006295 GB]:      0 +    925; 1 x 2871 possible solutions
    2     0.46s [0.006295 GB]:      1 +    924; 1 x 3039 possible solutions
    3     0.46s [0.006352 GB]:      2 +    923; 2 x 3242 possible solutions
    4     0.46s [0.006359 GB]:      3 +    922; 3 x 3405 possible solutions
    5     0.46s [0.006359 GB]:      4 +    921; 3 x 3537 possible solutions
    6     0.46s [0.006364 GB]:      5 +    920; 4 x 3664 possible solutions
    7     0.46s [0.006364 GB]:      6 +    919; 5 x 3760 possible solutions
    8     0.46s [0.006368 GB]:      7 +    918; 5 x 3881 possible solutions
    9     0.46s [0.006368 GB]:      8 +    917; 7 x 4055 possible solutions
   10     0.46s [0.006368 GB]:      9 +    916; 8 x 4216 possible solutions
   20     0.47s [0.006406 GB]:     19 +    906; 31 x 6364 possible solutions
   30     0.47s [0.006445 GB]:     29 +    896; 86 x 9442 possible solutions
   40     0.47s [0.006511 GB]:     39 +    886; 214 x 13714 possible solutions
   50     0.48s [0.006593 GB]:     49 +    876; 476 x 19481 possible solutions
   60     0.48s [0.006687 GB]:     59 +    866; 985 x 27293 possible solutions
   70     0.49s [0.006846 GB]:     69 +    856; 1903 x 37619 possible solutions
   80     0.49s [0.006968 GB]:     79 +    846; 3488 x 51125 possible solutions
   90     0.50s [0.007228 GB]:     89 +    836; 6112 x 68671 possible solutions
  100     0.51s [0.007482 GB]:     99 +    826; 10283 x 90757 possible solutions
  200     0.64s [0.018066 GB]:    199 +    726; 414484 x 796986 possible solutions
Found market share solution from SS-Algorithm!
Subset for index 8384 (binary 0000000000000000000000000000000000000000000000000010000011000000): 35, 39, 2
Subset for index 18650 (binary 0000000000000000000000000000000000000000000000000100100011011010): 3, 30, 48, 10, 31, 19, 34
Subset for index 12231 (binary 0000000000000000000000000000000000000000000000000010111111000111): 41, 63, 1, 18, 28, 29, 38, 19, 21, 41
Subset for index 23797 (binary 0000000000000000000000000000000000000000000000000101110011110101): 19, 31, 53, 54, 57, 21, 62, 27, 50, 1
The sum is 76 + 175 + 299 + 375 = 925
Writing solution to markshare_m_7_n_60_seed_3.sol
Found feasible solution!
Eval GPU: check results     	 total time     0.04s
Eval GPU: binary search     	 total time     0.09s
Eval GPU: sort required     	 total time     0.12s
Candidate extraction        	 total time     0.25s
List traversal              	 total time     0.33s
Solution time               	 total time     0.79s
Evaluate solutions GPU      	 total time     0.30s
Setup time                  	 total time     0.46s
