Storing mark share instance as markshare_m_8_n_70_seed_5.prb
Running markshare: m=8, n=70, seed=5, iter=0, nthread=24
[
 [ 15  3 60 58 14 25 64 68 34  6 42 27 53 24 36 34 20 69 13 56  5 45 51 57 30 16 11 53 61  7 19 14 28  8 20 61 44 36 40 34 41 51 18  1 19  6 17 57 22 58 10 62 11 67 67 39 67  6 13 69  1 33 14 47 48 59 54 43  1 39 | 1200 ]
 [ 40 25  0 48 36 57 44 64 68  0 18 50 56 46 60 13 64 48  0 40 32 40 68  4 27 12 56 23 38 42 53 13 33  8  2 65  6 21  7 33 17  4 67 19 44 15 57 66 39 26 44 26 56 21 64 13 63 51 57 64  6 47 25 29  2 39 38 15 55 10 | 1219 ]
 [  3 58 13 59 25 45 17  9 55 12 24 22 44 66 34 15 40 62 65 65 66  5  7 56 59 69 24 24  7 33 26 51 35 26 67  2 26 10  0 22 60  8  7 25 33 48 59 55 36 31 31 67 56 35  1 34 40  3 28 17 68 52 56 43  3 52 13 69 31 41 | 1225 ]
 [ 49 35 23 15 25 40 64 54 66 58 28 16 62 59 23  9  5 53 36 65 46 50 62  8 67  8 53 42 53 68 49 63 49 18 53 41 68 23 26 31  5 45 16 23 15 59 25 43 56 14  4 26 31 36 56 47 18 19  4 52 16 49  5  6 56  7 11 24 13 57 | 1250 ]
 [ 57 64 56 53 41 61 64 59  4 11 67 40 39 24 21 51 57  2 46 12 69  9  7 68 40 65 33 49 45 65 16 51  2 26 38 62 25 40 62 58 32  6 29  8 44 50 36 14 67 25 55 66 34 51 14 29 42 11 52 36 52  7 69 49 15 54 29 60 29 49 | 1386 ]
 [ 22 63 25 53 33 53 37  5 18  6  9 19 21 10  9  7 22 33 47 22 42 48 69 29 39 59 38 32 44 60 50  4 43 10 41 45 42 27 24 32 54  7 42 12 21 40 17 38  4 32 24 59  0 20 11 44  4 28 19 33 24 60 41 26 54 33 43  9 11  5 | 1053 ]
 [ 62 48 51 57 34 43 45 62 35 44 11 56 44 25 69  1 53 65 12 39  8 59 65 30 63 49 52 60 53 29 10 68 56 45 13 15 10  1 28 46  0 14 59 18 11 55 51  4 40 23 53 39 41 45 67 34 26 39 34 68 23 53 51 69 21 64 55 65  6  7 | 1375 ]
 [ 16  1 30 17  8  2 14 12 58 57 26 65 15 61 59  1 40 20 44 54 62 34 49 54 18 69  0  6 38 10 49 32 56 67 13  0 44 13 65 29 18 62 20 54 29 16 39 13 69 67 41 43 62 52 45 67 33 23 21 31 24 25 54  3 12  2  9 29 14  4 | 1144 ]
]
Running reduced dim shroeppel shamir
Running with 24 threads
Max reducible dimension is 4 (encoded with basis 14001)
Reducing 1 dimensions for Shroeppel-Shamir - leaving 7 for verification
Splitting sets into [0, 16]; [17, 34]; [35, 51]; [52, 70]
Generating 131072 possible subsets for as set of size 17.
Generating 262144 possible subsets for as set of size 18.
Generating 131072 possible subsets for as set of size 17.
Generating 262144 possible subsets for as set of size 18.
Running the search loop

    1     0.54s [0.044045 GB]:      0 +   1200; 1 x 220 possible solutions
    2     0.54s [0.044045 GB]:      3 +   1197; 1 x 275 possible solutions
    3     0.54s [0.044050 GB]:      5 +   1195; 1 x 315 possible solutions
    4     0.55s [0.044052 GB]:      6 +   1194; 1 x 327 possible solutions
    5     0.55s [0.044053 GB]:      7 +   1193; 1 x 337 possible solutions
    6     0.55s [0.044053 GB]:      8 +   1192; 2 x 355 possible solutions
    7     0.55s [0.044053 GB]:      9 +   1191; 1 x 401 possible solutions
    8     0.55s [0.044054 GB]:     10 +   1190; 1 x 445 possible solutions
    9     0.55s [0.044054 GB]:     11 +   1189; 3 x 456 possible solutions
   10     0.55s [0.044056 GB]:     12 +   1188; 1 x 471 possible solutions
   20     0.55s [0.044063 GB]:     22 +   1178; 11 x 896 possible solutions
   30     0.55s [0.044075 GB]:     32 +   1168; 30 x 1589 possible solutions
   40     0.56s [0.044092 GB]:     42 +   1158; 87 x 2673 possible solutions
   50     0.56s [0.044119 GB]:     52 +   1148; 204 x 4450 possible solutions
   60     0.57s [0.044169 GB]:     62 +   1138; 444 x 7273 possible solutions
   70     0.57s [0.044243 GB]:     72 +   1128; 927 x 11616 possible solutions
   80     0.57s [0.044326 GB]:     82 +   1118; 1769 x 18052 possible solutions
   90     0.58s [0.044456 GB]:     92 +   1108; 3291 x 27540 possible solutions
  100     0.59s [0.044682 GB]:    102 +   1098; 5868 x 41356 possible solutions
  200     0.78s [0.058947 GB]:    202 +    998; 456066 x 1115799 possible solutions
  300     2.22s [0.208281 GB]:    302 +    898; 7192476 x 10435816 possible solutions
Found market share solution from SS-Algorithm!
Subset for index 6803 (binary 0000000000000000000000000000000000000000000000000001101010010011): 15, 3, 14, 68, 6, 27, 53
Subset for index 70787 (binary 0000000000000000000000000000000000000000000000010001010010000011): 69, 13, 30, 53, 7, 8
Subset for index 88539 (binary 0000000000000000000000000000000000000000000000010101100111011011): 61, 44, 40, 34, 51, 18, 1, 17, 57, 58, 62
Subset for index 223035 (binary 0000000000000000000000000000000000000000000000110110011100111011): 11, 67, 39, 67, 6, 1, 33, 14, 59, 54, 1, 39
The sum is 186 + 180 + 443 + 391 = 1200
Writing solution to markshare_m_8_n_70_seed_5.sol
Found feasible solution!
Eval GPU: check results     	 total time     0.35s
Eval GPU: binary search     	 total time     4.80s
Eval GPU: sort required     	 total time     1.32s
Candidate extraction        	 total time     1.68s
List traversal              	 total time     6.91s
Solution time               	 total time     7.45s
Evaluate solutions GPU      	 total time     6.81s
Setup time                  	 total time     0.54s
