Storing mark share instance as markshare_m_6_n_50_seed_1.prb
Running markshare: m=6, n=50, seed=1, iter=0, nthread=24
[
 [ 25 59 43 55  0  7 18 59  8 14  5 23 11 23 20 40 23 56 32 50 25 18 41 31 12 26 52 13  1 32 40 54 25 27 33 25  8 56 11 46 48 42 58 48 18  5 41 31 52 51 | 770 ]
 [ 53 49  5 49  2 16 10  3 52 40  5 35 25 40 57 24 31 11 41 17 18  8 41 46 50 24  1  2 45 37 59 39 44 17 16 26 47 13  6  4 26 28 54  5 17 54 17  7  7 31 | 677 ]
 [  1  5 40 55 12 54 15 17 29 35  3 33 34 36  8 57 35 15 41 13  6 32 24 56 41 29 24 32  2 45 32  2 39  8 30 47 56  1 35 52 54 32  8 26  8 53 48 22 23 32 | 718 ]
 [  9 39 55 21 20 34 45 38 43  7 52 41 37 38 45 21 20 45 16 21 53 45 25 52 57  0 39 29 37  4  6 47 56  3 26 21 34 56 24 22 14 45 54 46 34 18  0 46 37  9 | 793 ]
 [ 19 34 31  0 53 42 21 28 54 45 37 28  0 16 55 49 41 33 59  4 10 28  8 44 55 11 41 27  3 13 45 30 45 12 55  2 42 31  7 10  1 23  1  6  1 30 14  6 51 17 | 659 ]
 [ 32 13 33 58 50 16  7 14 16  5 35 34 58 25 33 22  1 48 48 17 13 43 48 36 23 25 51 45 44 25 33 25  8 21  3  9  7 56  2 54  6 46 13 36 42  2 33 39  0  7 | 680 ]
]
Running reduced dim shroeppel shamir
Running with 24 threads
Max reducible dimension is 4 (encoded with basis 10001)
Reducing 1 dimensions for Shroeppel-Shamir - leaving 5 for verification
Splitting sets into [0, 11]; [12, 24]; [25, 36]; [37, 50]
Generating 4096 possible subsets for as set of size 12.
Generating 8192 possible subsets for as set of size 13.
Generating 4096 possible subsets for as set of size 12.
Generating 8192 possible subsets for as set of size 13.
Running the search loop

    1     0.21s [0.000985 GB]:      0 +    770; 2 x 63 possible solutions
    2     0.21s [0.000985 GB]:      5 +    765; 2 x 94 possible solutions
    3     0.22s [0.000988 GB]:      7 +    763; 2 x 89 possible solutions
    4     0.22s [0.000989 GB]:      8 +    762; 2 x 97 possible solutions
    5     0.22s [0.000989 GB]:     11 +    759; 2 x 133 possible solutions
    6     0.22s [0.000989 GB]:     12 +    758; 4 x 131 possible solutions
    7     0.22s [0.000990 GB]:     13 +    757; 2 x 125 possible solutions
    8     0.22s [0.000990 GB]:     14 +    756; 2 x 129 possible solutions
    9     0.22s [0.000990 GB]:     15 +    755; 2 x 141 possible solutions
   10     0.22s [0.000990 GB]:     16 +    754; 2 x 163 possible solutions
   20     0.22s [0.000994 GB]:     26 +    744; 10 x 248 possible solutions
   30     0.23s [0.000996 GB]:     36 +    734; 22 x 404 possible solutions
   40     0.23s [0.001003 GB]:     46 +    724; 56 x 585 possible solutions
   50     0.23s [0.001009 GB]:     56 +    714; 116 x 921 possible solutions
   60     0.23s [0.001017 GB]:     66 +    704; 236 x 1312 possible solutions
   70     0.24s [0.001032 GB]:     76 +    694; 340 x 1928 possible solutions
   80     0.24s [0.001044 GB]:     86 +    684; 704 x 2641 possible solutions
   90     0.24s [0.001061 GB]:     96 +    674; 1054 x 3719 possible solutions
  100     0.25s [0.001090 GB]:    106 +    664; 1622 x 4974 possible solutions
  200     0.30s [0.001868 GB]:    206 +    564; 37874 x 46699 possible solutions
Found market share solution from SS-Algorithm!
Subset for index 84 (binary 0000000000000000000000000000000000000000000000000000000001010100): 43, 0, 18
Subset for index 379 (binary 0000000000000000000000000000000000000000000000000000000101111011): 11, 23, 40, 23, 56, 32, 25
Subset for index 2299 (binary 0000000000000000000000000000000000000000000000000000100011111011): 26, 52, 1, 32, 40, 54, 25, 8
Subset for index 7588 (binary 0000000000000000000000000000000000000000000000000001110110100100): 46, 58, 18, 5, 31, 52, 51
The sum is 61 + 210 + 238 + 261 = 770
Writing solution to markshare_m_6_n_50_seed_1.sol
Found feasible solution!
Eval GPU: check results     	 total time     0.03s
Eval GPU: binary search     	 total time     0.02s
Eval GPU: sort required     	 total time     0.05s
Candidate extraction        	 total time     0.07s
List traversal              	 total time     0.14s
Solution time               	 total time     0.36s
Evaluate solutions GPU      	 total time     0.12s
Setup time                  	 total time     0.21s
